<?xml version="1.0" encoding="UTF-8"?>
<!-- Generated by org.testng.reporters.JUnitReportReporter -->
<testsuite hostname="DESKTOP-JT1L468" failures="0" tests="1" name="curriculum.ictk.scripts.TestAdmin" time="6.240" errors="0" timestamp="2023-10-03T20:01:10 IST" skipped="0">
  <testcase classname="curriculum.ictk.scripts.TestAdmin" name="verifyValidLogin" time="6.240"/>
</testsuite> <!-- curriculum.ictk.scripts.TestAdmin -->
